
> frontend@0.1.0 build
> next build

Γû▓ Next.js 16.1.6 (Turbopack)

  Creating an optimized production build ...

> Build error occurred
Error: Turbopack build failed with 1 errors:
./app/page.tsx:11:1
Module not found: Can't resolve '@/components/SafetyStockSimulator'
   9 | import InventoryOptimizationTable from "@/components/InventoryOptimizationTable";
  10 | import DemandForecastChart from "@/components/DemandForecastChart";
> 11 | import SafetyStockSimulator from "@/components/SafetyStockSimulator";
     | ^^^^^^^^^^^^^^^^^^^^^^^^^^^^^^^^^^^^^^^^^^^^^^^^^^^^^^^^^^^^^^^^^^^^^
  12 |
  13 | export default function Dashboard() {
  14 |   const [abcData, setAbcData] = useState([]);

Import map: aliased to relative './components/SafetyStockSimulator' inside of [project]/


Import traces:
  Client Component Browser:
    ./app/page.tsx [Client Component Browser]
    ./app/page.tsx [Server Component]

  Client Component SSR:
    ./app/page.tsx [Client Component SSR]
    ./app/page.tsx [Server Component]

https://nextjs.org/docs/messages/module-not-found


    at <unknown> (./app/page.tsx:11:1)
    at <unknown> (https://nextjs.org/docs/messages/module-not-found)
